<?xml version="1.0" encoding="UTF-8"?>
<!-- Generated by org.testng.reporters.JUnitReportReporter -->
<testsuite hostname="DESKTOP-HGQJU2D" failures="0" tests="2" name="ReportSchedular.RSTestsuite" time="24.584" errors="0" timestamp="2023-08-16T17:43:11 IST" skipped="0">
  <testcase classname="ReportSchedular.RSTestsuite" name="testCase1" time="7.122"/>
  <system-out/>
  <testcase classname="ReportSchedular.RSTestsuite" name="testcase2" time="17.462"/>
  <system-out/>
</testsuite> <!-- ReportSchedular.RSTestsuite -->
